<?xml version="1.0" encoding="UTF-8"?>
<!-- Generated by org.testng.reporters.JUnitReportReporter -->
<testsuite hostname="User-pc" failures="0" tests="1" name="CircleCISeeTest.SeeTestSearch" time="19.937" errors="0" timestamp="2020-11-09T17:51:39 IST" skipped="0">
  <testcase classname="CircleCISeeTest.SeeTestSearch" name="browserTestGoogleSearch" time="19.937"/>
  <system-out/>
</testsuite> <!-- CircleCISeeTest.SeeTestSearch -->
